{
  "Cucumber Features": {
    "coverage": {
    },
    "timestamp": 1382825318
  },
  "RSpec": {
    "coverage": {
      "/home/saasbook/Desktop/WisdomSunTest2/wisdomsun/app/controllers/application_controller.rb": [
        1,
        1,
        null,
        1,
        0,
        0,
        0,
        0,
        null,
        null,
        null,
        1,
        0,
        0,
        null,
        null
      ],
      "/home/saasbook/Desktop/WisdomSunTest2/wisdomsun/app/helpers/application_helper.rb": [
        1,
        null
      ],
      "/home/saasbook/Desktop/WisdomSunTest2/wisdomsun/app/helpers/books_helper.rb": [
        1,
        null
      ],
      "/home/saasbook/Desktop/WisdomSunTest2/wisdomsun/app/helpers/category_helper.rb": [
        1,
        null
      ],
      "/home/saasbook/Desktop/WisdomSunTest2/wisdomsun/app/helpers/events_helper.rb": [
        1,
        null
      ],
      "/home/saasbook/Desktop/WisdomSunTest2/wisdomsun/app/helpers/other_pages_helper.rb": [
        1,
        null
      ],
      "/home/saasbook/Desktop/WisdomSunTest2/wisdomsun/app/helpers/users_helper.rb": [
        1,
        null
      ],
      "/home/saasbook/Desktop/WisdomSunTest2/wisdomsun/app/helpers/welcome_helper.rb": [
        1,
        null
      ],
      "/home/saasbook/Desktop/WisdomSunTest2/wisdomsun/app/admin/user.rb": [
        1,
        null,
        null
      ],
      "/home/saasbook/Desktop/WisdomSunTest2/wisdomsun/app/models/user.rb": [
        1,
        null,
        null,
        1,
        null,
        null,
        null,
        1,
        null,
        null
      ],
      "/home/saasbook/Desktop/WisdomSunTest2/wisdomsun/app/admin/other_pages.rb": [
        1,
        1,
        0,
        0,
        0,
        0,
        null,
        0,
        null,
        null
      ],
      "/home/saasbook/Desktop/WisdomSunTest2/wisdomsun/app/models/other_pages.rb": [
        1,
        null,
        1,
        1,
        null
      ],
      "/home/saasbook/Desktop/WisdomSunTest2/wisdomsun/app/admin/album.rb": [
        1,
        1,
        0,
        0,
        null,
        0,
        0,
        0,
        0,
        null,
        0,
        null,
        null,
        1,
        0,
        0,
        0,
        0,
        0,
        null,
        0,
        0,
        null,
        0,
        0,
        0,
        0,
        null,
        null,
        null,
        1,
        0,
        0,
        0,
        0,
        null,
        0,
        null,
        null
      ],
      "/home/saasbook/Desktop/WisdomSunTest2/wisdomsun/app/models/album.rb": [
        1,
        1,
        1,
        1,
        1,
        1,
        null,
        null,
        null,
        null,
        null,
        null,
        null,
        null,
        null,
        1,
        null
      ],
      "/home/saasbook/Desktop/WisdomSunTest2/wisdomsun/app/admin/dashboard.rb": [
        1,
        null,
        1,
        null,
        1,
        0,
        0,
        0,
        0,
        null,
        null,
        null,
        null,
        null,
        null,
        null,
        null,
        null,
        null,
        null,
        null,
        null,
        null,
        null,
        null,
        null,
        null,
        null,
        null,
        null,
        null,
        null,
        null,
        null,
        null,
        null,
        null,
        null,
        null,
        null,
        null,
        null,
        null,
        null,
        null,
        null,
        null,
        null,
        null,
        null,
        null,
        null,
        null,
        null
      ],
      "/home/saasbook/Desktop/WisdomSunTest2/wisdomsun/app/admin/book.rb": [
        1,
        1,
        0,
        0,
        null,
        0,
        0,
        0,
        0,
        null,
        1,
        0,
        0,
        0,
        0,
        0,
        0,
        null,
        0,
        0,
        null,
        0,
        0,
        0,
        0,
        null,
        null,
        null,
        null,
        1,
        0,
        0,
        null,
        null,
        1,
        0,
        0,
        null,
        null,
        1,
        0,
        0,
        0,
        0,
        0,
        0,
        null,
        0,
        null,
        null,
        1,
        1,
        null,
        0,
        null,
        null,
        1,
        0,
        null,
        null,
        1,
        0,
        null,
        null,
        1,
        0,
        0,
        null,
        null,
        null,
        1,
        0,
        null,
        null
      ],
      "/home/saasbook/Desktop/WisdomSunTest2/wisdomsun/app/models/book.rb": [
        1,
        1,
        1,
        1,
        1,
        1,
        null,
        null,
        null,
        null,
        null,
        null,
        null,
        null,
        null,
        null,
        1,
        null,
        null
      ],
      "/home/saasbook/Desktop/WisdomSunTest2/wisdomsun/app/admin/category.rb": [
        1,
        1,
        0,
        0,
        0,
        null,
        0,
        null,
        null
      ],
      "/home/saasbook/Desktop/WisdomSunTest2/wisdomsun/app/models/category.rb": [
        1,
        null,
        1,
        1,
        null
      ],
      "/home/saasbook/Desktop/WisdomSunTest2/wisdomsun/app/admin/photo.rb": [
        1,
        1,
        0,
        0,
        null,
        0,
        0,
        0,
        0,
        null,
        0,
        null,
        null,
        0,
        null,
        null,
        1,
        0,
        0,
        0,
        0,
        null,
        0,
        0,
        0,
        null,
        0,
        0,
        0,
        0,
        null,
        null,
        null,
        1,
        0,
        0,
        null,
        null,
        null,
        0,
        0,
        null,
        0,
        null,
        null,
        null
      ],
      "/home/saasbook/Desktop/WisdomSunTest2/wisdomsun/app/models/photo.rb": [
        1,
        1,
        1,
        1,
        null,
        1,
        1,
        null,
        null,
        null,
        null,
        null,
        null,
        null,
        null,
        null,
        null,
        1,
        null,
        1,
        0,
        0,
        0,
        null,
        0,
        null,
        null,
        null
      ],
      "/home/saasbook/Desktop/WisdomSunTest2/wisdomsun/app/admin/event.rb": [
        1,
        1,
        0,
        0,
        0,
        0,
        0,
        0,
        null,
        0,
        null,
        null
      ],
      "/home/saasbook/Desktop/WisdomSunTest2/wisdomsun/app/models/event.rb": [
        1,
        1,
        null
      ],
      "/home/saasbook/Desktop/WisdomSunTest2/wisdomsun/app/models/redactor_rails/document.rb": [
        1,
        1,
        null,
        null,
        null,
        null,
        null,
        null,
        null,
        null,
        null,
        null,
        1,
        1,
        null,
        1,
        0,
        null,
        null,
        null
      ],
      "/home/saasbook/Desktop/WisdomSunTest2/wisdomsun/app/models/redactor_rails/asset.rb": [
        1,
        1,
        1,
        null
      ],
      "/home/saasbook/Desktop/WisdomSunTest2/wisdomsun/app/models/redactor_rails/picture.rb": [
        1,
        1,
        null,
        null,
        null,
        null,
        null,
        null,
        null,
        null,
        null,
        null,
        1,
        1,
        null,
        1,
        0,
        null,
        null
      ],
      "/home/saasbook/Desktop/WisdomSunTest2/wisdomsun/app/controllers/about_controller.rb": [
        1,
        1,
        null,
        null,
        null,
        null
      ],
      "/home/saasbook/Desktop/WisdomSunTest2/wisdomsun/app/controllers/albums_controller.rb": [
        1,
        1,
        0,
        null,
        1,
        0,
        null,
        null
      ],
      "/home/saasbook/Desktop/WisdomSunTest2/wisdomsun/app/controllers/aroundtheweb_controller.rb": [
        1,
        1,
        null,
        null,
        null,
        null
      ],
      "/home/saasbook/Desktop/WisdomSunTest2/wisdomsun/app/controllers/books_controller.rb": [
        1,
        1,
        0,
        null,
        1,
        0,
        0,
        null,
        1,
        0,
        0,
        0,
        0,
        null,
        1,
        null,
        1,
        0,
        0,
        0,
        null,
        null
      ],
      "/home/saasbook/Desktop/WisdomSunTest2/wisdomsun/app/controllers/bulletin_controller.rb": [
        1,
        1,
        null,
        null
      ],
      "/home/saasbook/Desktop/WisdomSunTest2/wisdomsun/app/controllers/category_controller.rb": [
        1,
        1,
        0,
        0,
        0,
        0,
        0,
        0,
        0,
        0,
        0,
        0,
        0,
        0,
        null,
        null,
        0,
        0,
        null,
        null
      ],
      "/home/saasbook/Desktop/WisdomSunTest2/wisdomsun/app/controllers/contact_controller.rb": [
        1,
        1,
        null,
        null
      ],
      "/home/saasbook/Desktop/WisdomSunTest2/wisdomsun/app/controllers/downloads_controller.rb": [
        1,
        1,
        null,
        null
      ],
      "/home/saasbook/Desktop/WisdomSunTest2/wisdomsun/app/controllers/events_controller.rb": [
        1,
        1,
        0,
        null,
        1,
        0,
        0,
        null,
        null,
        null
      ],
      "/home/saasbook/Desktop/WisdomSunTest2/wisdomsun/app/controllers/other_pages_controller.rb": [
        1,
        null
      ],
      "/home/saasbook/Desktop/WisdomSunTest2/wisdomsun/app/controllers/photos_controller.rb": [
        1,
        1,
        0,
        0,
        0,
        0,
        0,
        null,
        1,
        0,
        0,
        null,
        null
      ],
      "/home/saasbook/Desktop/WisdomSunTest2/wisdomsun/app/controllers/support_controller.rb": [
        1,
        1,
        null,
        null
      ],
      "/home/saasbook/Desktop/WisdomSunTest2/wisdomsun/app/controllers/users/sessions_controller.rb": [
        1,
        1,
        null,
        1,
        0,
        0,
        0,
        0,
        0,
        null,
        0,
        null,
        null,
        null,
        1,
        0,
        0,
        0,
        null,
        null,
        1,
        0,
        0,
        0,
        null,
        null,
        null,
        0,
        0,
        0,
        null,
        null,
        null,
        null
      ],
      "/home/saasbook/Desktop/WisdomSunTest2/wisdomsun/app/controllers/users_controller.rb": [
        1,
        null
      ],
      "/home/saasbook/Desktop/WisdomSunTest2/wisdomsun/app/controllers/welcome_controller.rb": [
        1,
        1,
        0,
        null,
        null
      ]
    },
    "timestamp": 1383997578
  }
}
