{
  "RSpec": {
    "coverage": {
      "/home/saasbook/Downloads/wisdomsun/app/controllers/application_controller.rb": [
        1,
        null,
        1,
        0,
        null,
        1,
        null,
        1,
        null,
        1,
        0,
        0,
        0,
        0,
        null,
        null,
        null,
        1,
        0,
        0,
        null,
        null
      ],
      "/home/saasbook/Downloads/wisdomsun/app/helpers/application_helper.rb": [
        1,
        null
      ],
      "/home/saasbook/Downloads/wisdomsun/app/helpers/around_the_web_post_helper.rb": [
        1,
        null
      ],
      "/home/saasbook/Downloads/wisdomsun/app/helpers/books_helper.rb": [
        1,
        null
      ],
      "/home/saasbook/Downloads/wisdomsun/app/helpers/category_helper.rb": [
        1,
        null
      ],
      "/home/saasbook/Downloads/wisdomsun/app/helpers/events_helper.rb": [
        1,
        null
      ],
      "/home/saasbook/Downloads/wisdomsun/app/helpers/other_pages_helper.rb": [
        1,
        null
      ],
      "/home/saasbook/Downloads/wisdomsun/app/helpers/quotes_helper.rb": [
        1,
        null
      ],
      "/home/saasbook/Downloads/wisdomsun/app/helpers/sliders_helper.rb": [
        1,
        null
      ],
      "/home/saasbook/Downloads/wisdomsun/app/helpers/users_helper.rb": [
        1,
        null
      ],
      "/home/saasbook/Downloads/wisdomsun/app/helpers/welcome_helper.rb": [
        1,
        null
      ],
      "/home/saasbook/Downloads/wisdomsun/app/admin/user.rb": [
        1,
        null,
        null
      ],
      "/home/saasbook/Downloads/wisdomsun/app/models/user.rb": [
        1,
        null,
        null,
        1,
        null,
        null,
        null,
        1,
        null,
        null,
        1,
        0,
        null,
        null
      ],
      "/home/saasbook/Downloads/wisdomsun/app/admin/album.rb": [
        1,
        1,
        0,
        0,
        null,
        0,
        0,
        0,
        0,
        null,
        0,
        0,
        0,
        0,
        0,
        null,
        null,
        null,
        1,
        0,
        0,
        0,
        0,
        0,
        null,
        0,
        0,
        null,
        0,
        0,
        0,
        0,
        null,
        null,
        null,
        1,
        0,
        0,
        0,
        0,
        null,
        0,
        null,
        null,
        1,
        0,
        0,
        0,
        0,
        null,
        null,
        null
      ],
      "/home/saasbook/Downloads/wisdomsun/app/models/album.rb": [
        1,
        1,
        1,
        1,
        1,
        1,
        null,
        null,
        null,
        null,
        null,
        null,
        null,
        null,
        null,
        1,
        1,
        null,
        null
      ],
      "/home/saasbook/Downloads/wisdomsun/app/admin/dashboard.rb": [
        1,
        null,
        1,
        null,
        1,
        0,
        0,
        0,
        0,
        null,
        null,
        null,
        null,
        null,
        null,
        null,
        null,
        null,
        null,
        null,
        null,
        null,
        null,
        null,
        null,
        null,
        null,
        null,
        null,
        null,
        null,
        null,
        null,
        null,
        null,
        null,
        null,
        null,
        null,
        null,
        null,
        null,
        null,
        null,
        null,
        null,
        null,
        null,
        null,
        null,
        null,
        null,
        null,
        null
      ],
      "/home/saasbook/Downloads/wisdomsun/app/admin/other_page.rb": [
        1,
        1,
        0,
        0,
        0,
        0,
        0,
        null,
        0,
        null,
        null,
        1,
        1,
        0,
        0,
        0,
        null,
        null,
        1,
        0,
        0,
        0,
        null,
        null,
        null
      ],
      "/home/saasbook/Downloads/wisdomsun/app/models/other_page.rb": [
        1,
        null,
        1,
        1,
        1,
        1,
        null
      ],
      "/home/saasbook/Downloads/wisdomsun/app/admin/quote.rb": [
        1,
        1,
        0,
        0,
        0,
        0,
        null,
        0,
        null,
        null,
        null
      ],
      "/home/saasbook/Downloads/wisdomsun/app/models/quote.rb": [
        1,
        null,
        1,
        1,
        null
      ],
      "/home/saasbook/Downloads/wisdomsun/app/admin/book.rb": [
        1,
        1,
        0,
        0,
        null,
        0,
        0,
        0,
        0,
        null,
        1,
        0,
        0,
        0,
        0,
        0,
        0,
        null,
        0,
        0,
        null,
        0,
        0,
        0,
        0,
        null,
        null,
        null,
        null,
        1,
        0,
        0,
        null,
        null,
        1,
        0,
        0,
        null,
        null,
        1,
        0,
        0,
        0,
        0,
        0,
        0,
        0,
        null,
        0,
        null,
        1,
        1,
        0,
        0,
        0,
        0,
        null,
        0,
        null,
        null,
        1,
        0,
        0,
        0,
        0,
        null,
        0,
        null,
        1,
        0,
        0,
        0,
        0,
        null,
        0,
        null,
        null,
        null,
        null,
        null,
        null,
        null,
        null,
        null,
        null,
        null,
        null,
        null,
        null,
        null,
        null,
        null,
        null,
        null,
        null,
        null,
        null,
        null,
        null,
        null,
        null,
        null
      ],
      "/home/saasbook/Downloads/wisdomsun/app/models/book.rb": [
        1,
        1,
        1,
        1,
        1,
        1,
        null,
        null,
        null,
        null,
        null,
        null,
        null,
        null,
        null,
        null,
        1,
        null,
        null
      ],
      "/home/saasbook/Downloads/wisdomsun/app/admin/slider.rb": [
        1,
        1,
        0,
        0,
        0,
        0,
        null,
        0,
        null,
        1,
        0,
        0,
        0,
        0,
        0,
        null,
        0,
        0,
        null,
        0,
        0,
        0,
        0,
        null,
        null,
        1,
        0,
        0,
        null,
        1,
        0,
        0,
        null,
        null,
        1,
        0,
        0,
        0,
        0,
        0,
        null,
        0,
        null,
        1,
        1,
        0,
        0,
        0,
        0,
        null,
        0,
        null,
        null,
        1,
        0,
        0,
        0,
        0,
        null,
        0,
        null,
        1,
        0,
        0,
        0,
        null,
        0,
        0,
        null,
        0,
        0,
        null,
        0,
        0,
        0,
        0,
        null,
        0,
        null,
        null,
        null,
        null
      ],
      "/home/saasbook/Downloads/wisdomsun/app/models/slider.rb": [
        1,
        1,
        1,
        1,
        1,
        1,
        null,
        null,
        null,
        null,
        null,
        null,
        null,
        null,
        null,
        1,
        null,
        null,
        null
      ],
      "/home/saasbook/Downloads/wisdomsun/app/admin/category.rb": [
        1,
        1,
        0,
        0,
        0,
        0,
        null,
        0,
        null,
        null,
        1,
        1,
        0,
        0,
        0,
        null,
        null,
        1,
        0,
        0,
        0,
        null,
        null,
        null
      ],
      "/home/saasbook/Downloads/wisdomsun/app/models/category.rb": [
        1,
        null,
        1,
        1,
        1,
        1,
        1,
        null,
        1,
        0,
        0,
        0,
        0,
        null,
        0,
        null,
        null
      ],
      "/home/saasbook/Downloads/wisdomsun/app/admin/photo.rb": [
        1,
        1,
        0,
        0,
        null,
        0,
        0,
        0,
        0,
        null,
        0,
        null,
        null,
        0,
        null,
        null,
        1,
        0,
        0,
        0,
        0,
        null,
        0,
        0,
        0,
        null,
        0,
        0,
        0,
        0,
        null,
        null,
        null,
        1,
        0,
        0,
        null,
        null,
        null,
        0,
        0,
        null,
        0,
        null,
        null,
        null,
        null
      ],
      "/home/saasbook/Downloads/wisdomsun/app/models/photo.rb": [
        1,
        1,
        1,
        1,
        null,
        1,
        1,
        null,
        null,
        null,
        null,
        null,
        null,
        null,
        null,
        null,
        null,
        1,
        null,
        1,
        null,
        1,
        0,
        null,
        null,
        1,
        0,
        0,
        0,
        null,
        null,
        null,
        null
      ],
      "/home/saasbook/Downloads/wisdomsun/app/admin/event.rb": [
        1,
        1,
        0,
        0,
        0,
        0,
        0,
        0,
        0,
        null,
        0,
        null,
        1,
        1,
        0,
        0,
        0,
        0,
        null,
        0,
        null,
        null,
        1,
        0,
        0,
        0,
        0,
        null,
        0,
        null,
        1,
        0,
        0,
        0,
        0,
        null,
        0,
        null,
        null,
        null
      ],
      "/home/saasbook/Downloads/wisdomsun/app/models/event.rb": [
        1,
        1,
        1,
        null
      ],
      "/home/saasbook/Downloads/wisdomsun/app/admin/around_the_web_post.rb": [
        1,
        1,
        0,
        0,
        0,
        0,
        0,
        null,
        0,
        null,
        null,
        1,
        1,
        0,
        0,
        0,
        0,
        null,
        0,
        null,
        1,
        0,
        0,
        0,
        0,
        null,
        0,
        null,
        null,
        null,
        null
      ],
      "/home/saasbook/Downloads/wisdomsun/app/models/around_the_web_post.rb": [
        1,
        1,
        1,
        1,
        null
      ],
      "/home/saasbook/Downloads/wisdomsun/app/models/redactor_rails/document.rb": [
        1,
        1,
        null,
        null,
        null,
        null,
        null,
        null,
        null,
        null,
        null,
        null,
        1,
        1,
        null,
        1,
        0,
        null,
        null,
        null
      ],
      "/home/saasbook/Downloads/wisdomsun/app/models/redactor_rails/asset.rb": [
        1,
        1,
        1,
        null
      ],
      "/home/saasbook/Downloads/wisdomsun/app/models/redactor_rails/picture.rb": [
        1,
        1,
        null,
        null,
        null,
        null,
        null,
        null,
        null,
        null,
        null,
        null,
        1,
        1,
        null,
        1,
        0,
        null,
        null
      ],
      "/home/saasbook/Downloads/wisdomsun/app/controllers/about_controller.rb": [
        1,
        1,
        null,
        null,
        null,
        null
      ],
      "/home/saasbook/Downloads/wisdomsun/app/controllers/albums_controller.rb": [
        1,
        1,
        0,
        null,
        1,
        0,
        null,
        null
      ],
      "/home/saasbook/Downloads/wisdomsun/app/controllers/around_the_web_posts_controller.rb": [
        1,
        1,
        0,
        null,
        null
      ],
      "/home/saasbook/Downloads/wisdomsun/app/controllers/books_controller.rb": [
        1,
        1,
        0,
        null,
        1,
        0,
        0,
        0,
        0,
        0,
        null,
        0,
        null,
        1,
        0,
        0,
        0,
        0,
        null,
        1,
        null,
        1,
        0,
        0,
        0,
        null,
        null
      ],
      "/home/saasbook/Downloads/wisdomsun/app/controllers/bulletin_controller.rb": [
        1,
        1,
        null,
        null
      ],
      "/home/saasbook/Downloads/wisdomsun/app/controllers/categories_controller.rb": [
        1,
        1,
        0,
        0,
        0,
        0,
        0,
        0,
        0,
        0,
        0,
        0,
        0,
        0,
        null,
        0,
        null,
        null,
        0,
        0,
        null,
        1,
        0,
        0,
        null,
        1,
        null,
        0,
        0,
        null,
        null
      ],
      "/home/saasbook/Downloads/wisdomsun/app/controllers/contact_controller.rb": [
        1,
        null,
        1,
        1,
        null,
        null,
        null,
        1,
        0,
        0,
        0,
        0,
        null,
        0,
        null,
        null,
        null,
        null,
        null,
        null,
        0,
        0,
        null,
        null
      ],
      "/home/saasbook/Downloads/wisdomsun/app/controllers/downloads_controller.rb": [
        1,
        1,
        null,
        null
      ],
      "/home/saasbook/Downloads/wisdomsun/app/controllers/events_controller.rb": [
        1,
        1,
        0,
        null,
        1,
        0,
        0,
        0,
        null,
        0,
        0,
        null,
        null,
        null,
        null
      ],
      "/home/saasbook/Downloads/wisdomsun/app/controllers/other_pages_controller.rb": [
        1,
        1,
        0,
        0,
        0,
        null,
        null
      ],
      "/home/saasbook/Downloads/wisdomsun/app/controllers/photos_controller.rb": [
        1,
        1,
        0,
        0,
        0,
        0,
        0,
        null,
        0,
        0,
        0,
        null,
        null
      ],
      "/home/saasbook/Downloads/wisdomsun/app/controllers/quotes_controller.rb": [
        1,
        1,
        0,
        null,
        null
      ],
      "/home/saasbook/Downloads/wisdomsun/app/controllers/sliders_controller.rb": [
        1,
        null
      ],
      "/home/saasbook/Downloads/wisdomsun/app/controllers/support_controller.rb": [
        1,
        1,
        null,
        null
      ],
      "/home/saasbook/Downloads/wisdomsun/app/controllers/users/sessions_controller.rb": [
        1,
        1,
        null,
        1,
        0,
        0,
        0,
        0,
        0,
        null,
        0,
        null,
        null,
        null,
        1,
        0,
        0,
        0,
        null,
        null,
        1,
        0,
        0,
        0,
        null,
        null,
        null,
        0,
        0,
        0,
        null,
        null,
        null,
        null
      ],
      "/home/saasbook/Downloads/wisdomsun/app/controllers/users_controller.rb": [
        1,
        null
      ],
      "/home/saasbook/Downloads/wisdomsun/app/controllers/welcome_controller.rb": [
        1,
        1,
        0,
        0,
        0,
        0,
        null,
        null
      ]
    },
    "timestamp": 1385279420
  },
  "Cucumber Features": {
    "coverage": {
      "/home/saasbook/Downloads/wisdomsun/app/controllers/application_controller.rb": [
        1,
        null,
        1,
        0,
        null,
        1,
        null,
        1,
        null,
        1,
        232,
        232,
        0,
        0,
        null,
        null,
        null,
        1,
        0,
        0,
        null,
        null
      ],
      "/home/saasbook/Downloads/wisdomsun/app/helpers/application_helper.rb": [
        1,
        null
      ],
      "/home/saasbook/Downloads/wisdomsun/app/helpers/around_the_web_post_helper.rb": [
        1,
        null
      ],
      "/home/saasbook/Downloads/wisdomsun/app/helpers/books_helper.rb": [
        1,
        null
      ],
      "/home/saasbook/Downloads/wisdomsun/app/helpers/category_helper.rb": [
        1,
        null
      ],
      "/home/saasbook/Downloads/wisdomsun/app/helpers/events_helper.rb": [
        1,
        null
      ],
      "/home/saasbook/Downloads/wisdomsun/app/helpers/other_pages_helper.rb": [
        1,
        null
      ],
      "/home/saasbook/Downloads/wisdomsun/app/helpers/quotes_helper.rb": [
        1,
        null
      ],
      "/home/saasbook/Downloads/wisdomsun/app/helpers/sliders_helper.rb": [
        1,
        null
      ],
      "/home/saasbook/Downloads/wisdomsun/app/helpers/users_helper.rb": [
        1,
        null
      ],
      "/home/saasbook/Downloads/wisdomsun/app/helpers/welcome_helper.rb": [
        1,
        null
      ],
      "/home/saasbook/Downloads/wisdomsun/app/admin/user.rb": [
        1,
        null,
        null
      ],
      "/home/saasbook/Downloads/wisdomsun/app/models/user.rb": [
        1,
        null,
        null,
        1,
        null,
        null,
        null,
        1,
        null,
        null,
        1,
        0,
        null,
        null
      ],
      "/home/saasbook/Downloads/wisdomsun/app/admin/album.rb": [
        1,
        1,
        6,
        10,
        null,
        6,
        6,
        6,
        10,
        null,
        6,
        10,
        10,
        10,
        10,
        null,
        null,
        null,
        1,
        2,
        2,
        2,
        2,
        2,
        null,
        2,
        2,
        null,
        2,
        2,
        2,
        2,
        null,
        null,
        null,
        1,
        2,
        2,
        2,
        2,
        null,
        2,
        null,
        null,
        1,
        1,
        1,
        1,
        1,
        null,
        null,
        null
      ],
      "/home/saasbook/Downloads/wisdomsun/app/models/album.rb": [
        1,
        1,
        1,
        1,
        1,
        1,
        null,
        null,
        null,
        null,
        null,
        null,
        null,
        null,
        null,
        1,
        1,
        null,
        null
      ],
      "/home/saasbook/Downloads/wisdomsun/app/admin/dashboard.rb": [
        1,
        null,
        194,
        null,
        121,
        60,
        60,
        60,
        60,
        null,
        null,
        null,
        null,
        null,
        null,
        null,
        null,
        null,
        null,
        null,
        null,
        null,
        null,
        null,
        null,
        null,
        null,
        null,
        null,
        null,
        null,
        null,
        null,
        null,
        null,
        null,
        null,
        null,
        null,
        null,
        null,
        null,
        null,
        null,
        null,
        null,
        null,
        null,
        null,
        null,
        null,
        null,
        null,
        null
      ],
      "/home/saasbook/Downloads/wisdomsun/app/admin/other_page.rb": [
        1,
        1,
        0,
        0,
        0,
        0,
        0,
        null,
        0,
        null,
        null,
        1,
        1,
        0,
        0,
        0,
        null,
        null,
        1,
        0,
        0,
        0,
        null,
        null,
        null
      ],
      "/home/saasbook/Downloads/wisdomsun/app/models/other_page.rb": [
        1,
        null,
        1,
        1,
        1,
        1,
        null
      ],
      "/home/saasbook/Downloads/wisdomsun/app/admin/quote.rb": [
        1,
        1,
        0,
        0,
        0,
        0,
        null,
        0,
        null,
        null,
        null
      ],
      "/home/saasbook/Downloads/wisdomsun/app/models/quote.rb": [
        1,
        null,
        1,
        1,
        null
      ],
      "/home/saasbook/Downloads/wisdomsun/app/admin/book.rb": [
        1,
        1,
        10,
        29,
        null,
        10,
        10,
        10,
        10,
        null,
        1,
        3,
        3,
        3,
        3,
        3,
        3,
        null,
        3,
        3,
        null,
        3,
        3,
        3,
        3,
        null,
        null,
        null,
        null,
        1,
        0,
        0,
        null,
        null,
        1,
        0,
        0,
        null,
        null,
        1,
        4,
        4,
        4,
        4,
        4,
        4,
        4,
        null,
        4,
        null,
        1,
        1,
        3,
        1,
        1,
        1,
        null,
        2,
        null,
        null,
        1,
        2,
        1,
        1,
        1,
        null,
        1,
        null,
        1,
        2,
        1,
        1,
        1,
        null,
        1,
        null,
        null,
        null,
        null,
        null,
        null,
        null,
        null,
        null,
        null,
        null,
        null,
        null,
        null,
        null,
        null,
        null,
        null,
        null,
        null,
        null,
        null,
        null,
        null,
        null,
        null,
        null
      ],
      "/home/saasbook/Downloads/wisdomsun/app/models/book.rb": [
        1,
        1,
        1,
        1,
        1,
        1,
        null,
        null,
        null,
        null,
        null,
        null,
        null,
        null,
        null,
        null,
        1,
        null,
        null
      ],
      "/home/saasbook/Downloads/wisdomsun/app/admin/slider.rb": [
        1,
        1,
        12,
        12,
        12,
        35,
        null,
        12,
        null,
        1,
        2,
        2,
        2,
        2,
        2,
        null,
        2,
        2,
        null,
        2,
        2,
        2,
        2,
        null,
        null,
        1,
        0,
        0,
        null,
        1,
        0,
        0,
        null,
        null,
        1,
        4,
        4,
        4,
        4,
        4,
        null,
        4,
        null,
        1,
        1,
        3,
        1,
        1,
        1,
        null,
        2,
        null,
        null,
        1,
        2,
        1,
        1,
        1,
        null,
        1,
        null,
        1,
        2,
        2,
        2,
        null,
        2,
        2,
        null,
        2,
        2,
        null,
        2,
        2,
        2,
        2,
        null,
        0,
        null,
        null,
        null,
        null
      ],
      "/home/saasbook/Downloads/wisdomsun/app/models/slider.rb": [
        1,
        1,
        1,
        1,
        1,
        1,
        null,
        null,
        null,
        null,
        null,
        null,
        null,
        null,
        null,
        1,
        null,
        null,
        null
      ],
      "/home/saasbook/Downloads/wisdomsun/app/admin/category.rb": [
        1,
        1,
        23,
        23,
        23,
        23,
        null,
        23,
        null,
        null,
        1,
        1,
        19,
        19,
        19,
        null,
        null,
        1,
        1,
        1,
        1,
        null,
        null,
        null
      ],
      "/home/saasbook/Downloads/wisdomsun/app/models/category.rb": [
        1,
        null,
        1,
        1,
        1,
        1,
        1,
        null,
        1,
        0,
        0,
        0,
        0,
        null,
        0,
        null,
        null
      ],
      "/home/saasbook/Downloads/wisdomsun/app/admin/photo.rb": [
        1,
        1,
        3,
        12,
        null,
        3,
        3,
        12,
        0,
        null,
        12,
        null,
        null,
        3,
        null,
        null,
        1,
        0,
        0,
        0,
        0,
        null,
        0,
        0,
        0,
        null,
        0,
        0,
        0,
        0,
        null,
        null,
        null,
        1,
        3,
        3,
        null,
        null,
        null,
        3,
        3,
        null,
        3,
        null,
        null,
        null,
        null
      ],
      "/home/saasbook/Downloads/wisdomsun/app/models/photo.rb": [
        1,
        1,
        1,
        1,
        null,
        1,
        1,
        null,
        null,
        null,
        null,
        null,
        null,
        null,
        null,
        null,
        null,
        1,
        null,
        1,
        null,
        1,
        4,
        null,
        null,
        1,
        1,
        1,
        3,
        null,
        null,
        null,
        null
      ],
      "/home/saasbook/Downloads/wisdomsun/app/admin/event.rb": [
        1,
        1,
        4,
        4,
        4,
        4,
        4,
        4,
        4,
        null,
        4,
        null,
        1,
        1,
        3,
        1,
        1,
        1,
        null,
        2,
        null,
        null,
        1,
        2,
        1,
        1,
        1,
        null,
        1,
        null,
        1,
        2,
        1,
        1,
        1,
        null,
        1,
        null,
        null,
        null
      ],
      "/home/saasbook/Downloads/wisdomsun/app/models/event.rb": [
        1,
        1,
        1,
        null
      ],
      "/home/saasbook/Downloads/wisdomsun/app/admin/around_the_web_post.rb": [
        1,
        1,
        0,
        0,
        0,
        0,
        0,
        null,
        0,
        null,
        null,
        1,
        1,
        0,
        0,
        0,
        0,
        null,
        0,
        null,
        1,
        0,
        0,
        0,
        0,
        null,
        0,
        null,
        null,
        null,
        null
      ],
      "/home/saasbook/Downloads/wisdomsun/app/models/around_the_web_post.rb": [
        1,
        1,
        1,
        1,
        null
      ],
      "/home/saasbook/Downloads/wisdomsun/app/models/redactor_rails/document.rb": [
        1,
        1,
        null,
        null,
        null,
        null,
        null,
        null,
        null,
        null,
        null,
        null,
        1,
        1,
        null,
        1,
        0,
        null,
        null,
        null
      ],
      "/home/saasbook/Downloads/wisdomsun/app/models/redactor_rails/asset.rb": [
        1,
        1,
        1,
        null
      ],
      "/home/saasbook/Downloads/wisdomsun/app/models/redactor_rails/picture.rb": [
        1,
        1,
        null,
        null,
        null,
        null,
        null,
        null,
        null,
        null,
        null,
        null,
        1,
        1,
        null,
        1,
        0,
        null,
        null
      ],
      "/home/saasbook/Downloads/wisdomsun/app/controllers/about_controller.rb": [
        1,
        1,
        null,
        null,
        null,
        null
      ],
      "/home/saasbook/Downloads/wisdomsun/app/controllers/albums_controller.rb": [
        1,
        1,
        12,
        null,
        1,
        0,
        null,
        null
      ],
      "/home/saasbook/Downloads/wisdomsun/app/controllers/around_the_web_posts_controller.rb": [
        1,
        1,
        0,
        null,
        null
      ],
      "/home/saasbook/Downloads/wisdomsun/app/controllers/books_controller.rb": [
        1,
        1,
        10,
        null,
        1,
        1,
        1,
        1,
        1,
        1,
        null,
        0,
        null,
        1,
        0,
        0,
        0,
        0,
        null,
        1,
        null,
        1,
        0,
        0,
        0,
        null,
        null
      ],
      "/home/saasbook/Downloads/wisdomsun/app/controllers/bulletin_controller.rb": [
        1,
        1,
        null,
        null
      ],
      "/home/saasbook/Downloads/wisdomsun/app/controllers/categories_controller.rb": [
        1,
        1,
        0,
        0,
        0,
        0,
        0,
        0,
        0,
        0,
        0,
        0,
        0,
        0,
        null,
        0,
        null,
        null,
        0,
        0,
        null,
        1,
        0,
        0,
        null,
        1,
        null,
        0,
        0,
        null,
        null
      ],
      "/home/saasbook/Downloads/wisdomsun/app/controllers/contact_controller.rb": [
        1,
        null,
        1,
        1,
        null,
        null,
        null,
        1,
        0,
        0,
        0,
        0,
        null,
        0,
        null,
        null,
        null,
        null,
        null,
        null,
        0,
        0,
        null,
        null
      ],
      "/home/saasbook/Downloads/wisdomsun/app/controllers/downloads_controller.rb": [
        1,
        1,
        null,
        null
      ],
      "/home/saasbook/Downloads/wisdomsun/app/controllers/events_controller.rb": [
        1,
        1,
        8,
        null,
        1,
        3,
        3,
        3,
        null,
        1,
        1,
        null,
        null,
        null,
        null
      ],
      "/home/saasbook/Downloads/wisdomsun/app/controllers/other_pages_controller.rb": [
        1,
        1,
        0,
        0,
        0,
        null,
        null
      ],
      "/home/saasbook/Downloads/wisdomsun/app/controllers/photos_controller.rb": [
        1,
        1,
        5,
        5,
        5,
        2,
        2,
        null,
        3,
        3,
        3,
        null,
        null
      ],
      "/home/saasbook/Downloads/wisdomsun/app/controllers/quotes_controller.rb": [
        1,
        1,
        0,
        null,
        null
      ],
      "/home/saasbook/Downloads/wisdomsun/app/controllers/sliders_controller.rb": [
        1,
        null
      ],
      "/home/saasbook/Downloads/wisdomsun/app/controllers/support_controller.rb": [
        1,
        1,
        null,
        null
      ],
      "/home/saasbook/Downloads/wisdomsun/app/controllers/users/sessions_controller.rb": [
        1,
        1,
        null,
        1,
        41,
        41,
        41,
        41,
        40,
        null,
        1,
        null,
        null,
        null,
        1,
        41,
        41,
        41,
        null,
        null,
        1,
        1,
        1,
        1,
        null,
        null,
        null,
        1,
        1,
        2,
        null,
        null,
        null,
        null
      ],
      "/home/saasbook/Downloads/wisdomsun/app/controllers/users_controller.rb": [
        1,
        null
      ],
      "/home/saasbook/Downloads/wisdomsun/app/controllers/welcome_controller.rb": [
        1,
        1,
        50,
        50,
        50,
        50,
        null,
        null
      ]
    },
    "timestamp": 1385279998
  }
}
